<?xml version="1.0" encoding="UTF-8"?>
<testsuite name="TestSuite" time="192.231" tests="3" errors="0" skipped="0" failures="1">
  <properties>
[...]
</properties>
  <testcase name="feature" classname="runner.FirstTestRunner" time="60.631"/>
  <testcase name="feature" classname="runner.SecondTestRunner" time="60.695"/>
  <testcase name="feature" classname="runner.ThirdTestRunner" time="70.905">
    <failure message="java.lang.AssertionError: &#10;Expected: is &quot;You can&apos;t leave this empty..&quot;&#10;     but: was &quot;You can&apos;t leave this empty.&quot;" type="cucumber.runtime.CucumberException">cucumber.runtime.CucumberException: java.lang.AssertionError: 
Expected: is "You can't leave this empty.."
     but: was "You can't leave this empty."
	at cucumber.api.testng.TestNGCucumberRunner.runCucumber(TestNGCucumberRunner.java:69)
	at cucumber.api.testng.AbstractTestNGCucumberTests.feature(AbstractTestNGCucumberTests.java:21)
	at sun.reflect.NativeMethodAccessorImpl.invoke0(Native Method)
	at sun.reflect.NativeMethodAccessorImpl.invoke(NativeMethodAccessorImpl.java:62)
	at sun.reflect.DelegatingMethodAccessorImpl.invoke(DelegatingMethodAccessorImpl.java:43)
	at java.lang.reflect.Method.invoke(Method.java:498)
	at org.testng.internal.MethodInvocationHelper.invokeMethod(MethodInvocationHelper.java:85)
	at org.testng.internal.Invoker.invokeMethod(Invoker.java:659)
	at org.testng.internal.Invoker.invokeTestMethod(Invoker.java:845)
	at org.testng.internal.Invoker.invokeTestMethods(Invoker.java:1153)
	at org.testng.internal.TestMethodWorker.invokeTestMethods(TestMethodWorker.java:125)
	at org.testng.internal.TestMethodWorker.run(TestMethodWorker.java:108)
	at java.util.concurrent.ThreadPoolExecutor.runWorker(ThreadPoolExecutor.java:1142)
	at java.util.concurrent.ThreadPoolExecutor$Worker.run(ThreadPoolExecutor.java:617)
	at java.lang.Thread.run(Thread.java:748)
Caused by: java.lang.AssertionError: 
Expected: is "You can't leave this empty.."
     but: was "You can't leave this empty."
	at org.hamcrest.MatcherAssert.assertThat(MatcherAssert.java:20)
	at org.hamcrest.MatcherAssert.assertThat(MatcherAssert.java:8)
	at steps.RegisterStep.assert_error_message_displays(RegisterStep.java:42)
	at ✽.Then the error message display as below(src/test/java/features/Register3.feature:37)
</failure>
    <system-out><![CDATA[
  Scenario: Validate the privacy policy popup is displayed &amp#27;[90m# src/test/java/features/Register3.feature:16&amp#27;[0m
    &amp#27;[32mGiven &amp#27;[0m&amp#27;[32muser is in the register page&amp#27;[0m                     &amp#27;[90m# RegisterStep.go_to_register_page()&amp#27;[0m
    &amp#27;[32mWhen &amp#27;[0m&amp#27;[32muser inputs account information as below&amp#27;[0m          &amp#27;[90m# RegisterStep.input_account_information(DataTable)&amp#27;[0m
    &amp#27;[32mAnd &amp#27;[0m&amp#27;[32muser waits for 3 second&amp#27;[0m                            &amp#27;[90m# RegisterStep.wait_for_second()&amp#27;[0m
    &amp#27;[32mAnd &amp#27;[0m&amp#27;[32muser clicks Next step button&amp#27;[0m                       &amp#27;[90m# RegisterStep.click_next_step_button()&amp#27;[0m
    &amp#27;[32mThen &amp#27;[0m&amp#27;[32mthe error message display as below&amp#27;[0m                &amp#27;[90m# RegisterStep.assert_error_message_displays(String)&amp#27;[0m
      """
      You can't leave this empty.
      """


22 Scenarios ( Scenarios (&amp#27;[32m2 passed&amp#27;[0m)
&amp#27;[32m2 passed&amp#27;[0m)
10 Steps (&amp#27;[32m10 passed&amp#27;[0m)
9 Steps (0m&amp#27;[32m9 passed&amp#27;[0m)
0m36.069s

33.146s


  Scenario: Validate the privacy policy popup is displayed &amp#27;[90m# src/test/java/features/Register3.feature:29&amp#27;[0m
    &amp#27;[32mGiven &amp#27;[0m&amp#27;[32muser is in the register page&amp#27;[0m                     &amp#27;[90m# RegisterStep.go_to_register_page()&amp#27;[0m
    &amp#27;[32mWhen &amp#27;[0m&amp#27;[32muser inputs account information as below&amp#27;[0m          &amp#27;[90m# RegisterStep.input_account_information(DataTable)&amp#27;[0m
    &amp#27;[32mAnd &amp#27;[0m&amp#27;[32muser waits for 3 second&amp#27;[0m                            &amp#27;[90m# RegisterStep.wait_for_second()&amp#27;[0m
    &amp#27;[32mAnd &amp#27;[0m&amp#27;[32muser clicks Next step button&amp#27;[0m                       &amp#27;[90m# RegisterStep.click_next_step_button()&amp#27;[0m
    &amp#27;[31mThen &amp#27;[0m&amp#27;[31mthe error message display as below&amp#27;[0m                &amp#27;[90m# RegisterStep.assert_error_message_displays(String)&amp#27;[0m
      """
      You can't leave this empty..
      """
      &amp#27;[31mjava.lang.AssertionError: 
      Expected: is "You can't leave this empty.."
           but: was "You can't leave this empty."
      	at org.hamcrest.MatcherAssert.assertThat(MatcherAssert.java:20)
      	at org.hamcrest.MatcherAssert.assertThat(MatcherAssert.java:8)
      	at steps.RegisterStep.assert_error_message_displays(RegisterStep.java:42)
      	at ?.Then the error message display as below(src/test/java/features/Register3.feature:37)
      &amp#27;[0m
]]></system-out>
    <system-err><![CDATA[Starting ChromeDriver 2.29.461591 (62ebf098771772160f391d75e589dc567915b233) on port 45403
Only local connections are allowed.
Jul 06, 2017 6:39:01 PM org.openqa.selenium.remote.ProtocolHandshake createSession
INFO: Detected dialect: OSS
ERROR StatusLogger No log4j2 configuration file found. Using default configuration: logging only errors to the console.
]]></system-err>
  </testcase>
</testsuite>